<?xml version="1.0" encoding="UTF-8"?>
<!-- Generated by org.testng.reporters.JUnitReportReporter -->
<testsuite hostname="arjus-MacBook-Air.local" failures="0" tests="1" name="com.cerotid.google.test.GooglePageTest" time="7.580" errors="0" timestamp="2021-01-26T16:15:43 CST" skipped="0">
  <testcase classname="com.cerotid.google.test.GooglePageTest" name="navigateToGoogleHomePage" time="7.580"/>
  <system-out/>
</testsuite> <!-- com.cerotid.google.test.GooglePageTest -->
