<?xml version="1.0" encoding="UTF-8"?>
<!-- Generated by org.testng.reporters.JUnitReportReporter -->
<testsuite hostname="arjus-MacBook-Air.local" failures="0" tests="1" name="com.cerotid.progressive.test.ProgressivePageTest" time="130.444" errors="0" timestamp="2021-01-27T15:26:55 CST" skipped="0">
  <testcase classname="com.cerotid.progressive.test.ProgressivePageTest" name="AutoQuoteTest" time="130.444"/>
  <system-out/>
</testsuite> <!-- com.cerotid.progressive.test.ProgressivePageTest -->
